<?xml version="1.0" encoding="UTF-8"?>
<testsuite xmlns:xsi="http://www.w3.org/2001/XMLSchema-instance" xsi:noNamespaceSchemaLocation="https://maven.apache.org/surefire/maven-surefire-plugin/xsd/surefire-test-report-3.0.xsd" version="3.0" name="com.cloudbees.service.ProductServiceTest" time="6.513" tests="7" errors="0" skipped="0" failures="0">
  <properties>
[...]
</properties>
  <testcase name="testApplyDiscount" classname="com.cloudbees.service.ProductServiceTest" time="6.129">
    <system-out><![CDATA[20:24:47.990 [main] INFO com.cloudbees.service.ProductService -- Applied Discount successfully : {"productId":25,"name":"The Malgudi Days","description":"Fiction","price":50.0,"quantityAvailable":50}
20:24:48.069 [main] INFO com.cloudbees.service.ProductService -- Product does not exist for this id : 25
]]></system-out>
    <system-err><![CDATA[SLF4J(W): Class path contains multiple SLF4J providers.
SLF4J(W): Found provider [ch.qos.logback.classic.spi.LogbackServiceProvider@3332c7a5]
SLF4J(W): Found provider [org.slf4j.simple.SimpleServiceProvider@2accaec2]
SLF4J(W): See https://www.slf4j.org/codes.html#multiple_bindings for an explanation.
SLF4J(I): Actual provider is of type [ch.qos.logback.classic.spi.LogbackServiceProvider@3332c7a5]
]]></system-err>
  </testcase>
  <testcase name="testCreateProduct" classname="com.cloudbees.service.ProductServiceTest" time="0.036">
    <system-out><![CDATA[20:24:48.168 [main] INFO com.cloudbees.service.ProductService -- Product added Successfully : {"productId":12,"name":"The Adventure","description":"Fiction","price":125.0,"quantityAvailable":50}
20:24:48.176 [main] ERROR com.cloudbees.service.ProductService -- Exception Occured while adding new Product: Cannot invoke "com.cloudbees.model.Product.getQuantityAvailable()" because "product" is null
]]></system-out>
  </testcase>
  <testcase name="testUpdateProduct" classname="com.cloudbees.service.ProductServiceTest" time="0.08">
    <system-out><![CDATA[20:24:48.208 [main] INFO com.cloudbees.service.ProductService -- Product updated Successfully : {"productId":12,"name":"Wings of Fire","description":"Non-Fiction","price":170.0,"quantityAvailable":80}
20:24:48.218 [main] INFO com.cloudbees.service.ProductService -- Product updated Successfully : {"productId":12,"name":"My Journey","description":"Non-Fiction","price":170.0,"quantityAvailable":80}
20:24:48.240 [main] INFO com.cloudbees.service.ProductService -- Product updated Successfully : {"productId":12,"name":"My Journey","description":"Fiction","price":170.0,"quantityAvailable":80}
20:24:48.254 [main] INFO com.cloudbees.service.ProductService -- Product updated Successfully : {"productId":12,"name":"My Journey","description":"Fiction","price":95.0,"quantityAvailable":80}
]]></system-out>
  </testcase>
  <testcase name="testGetProductById" classname="com.cloudbees.service.ProductServiceTest" time="0.014">
    <system-out><![CDATA[20:24:48.285 [main] INFO com.cloudbees.service.ProductService -- ProductDetails retrived for Id 20 : {"empty":false,"present":true}
20:24:48.286 [main] INFO com.cloudbees.service.ProductService -- Product does not exist for this id : 20
]]></system-out>
  </testcase>
  <testcase name="testDeleteProduct" classname="com.cloudbees.service.ProductServiceTest" time="0.016">
    <system-out><![CDATA[20:24:48.304 [main] INFO com.cloudbees.service.ProductService -- Successfully Deleted Product with ID : 10
20:24:48.307 [main] INFO com.cloudbees.service.ProductService -- Product does not exist for this id : 1
]]></system-out>
  </testcase>
  <testcase name="testGetAllProducts" classname="com.cloudbees.service.ProductServiceTest" time="0.037">
    <system-out><![CDATA[20:24:48.349 [main] INFO com.cloudbees.service.ProductService -- Retrieved all Products : [{"productId":20,"name":"The Malgudi Days","description":"Fiction","price":110.0,"quantityAvailable":50},{"productId":21,"name":"You Can Win","description":"Non-Fiction","price":100.0,"quantityAvailable":35}]
]]></system-out>
  </testcase>
  <testcase name="testApplyTax" classname="com.cloudbees.service.ProductServiceTest" time="0.015">
    <system-out><![CDATA[20:24:48.369 [main] INFO com.cloudbees.service.ProductService -- Applied Tax successfully : {"productId":25,"name":"Ignited Minds","description":"Non-Fiction","price":144.0,"quantityAvailable":20}
20:24:48.371 [main] INFO com.cloudbees.service.ProductService -- Product does not exist for this id : 25
]]></system-out>
  </testcase>
</testsuite>