<?xml version="1.0" encoding="UTF-8"?>
<testsuite xmlns:xsi="http://www.w3.org/2001/XMLSchema-instance" xsi:noNamespaceSchemaLocation="https://maven.apache.org/surefire/maven-surefire-plugin/xsd/surefire-test-report-3.0.xsd" version="3.0" name="com.cloudbees.ECommerceApplicationTests" time="18.741" tests="1" errors="0" skipped="0" failures="0">
  <properties>
[...]
</properties>
  <testcase name="contextLoads" classname="com.cloudbees.ECommerceApplicationTests" time="3.169">
    <system-out><![CDATA[14:03:15.176 [main] INFO org.springframework.test.context.support.AnnotationConfigContextLoaderUtils -- Could not detect default configuration classes for test class [com.cloudbees.ECommerceApplicationTests]: ECommerceApplicationTests does not declare any static, non-private, non-final, nested classes annotated with @Configuration.
14:03:15.487 [main] INFO org.springframework.boot.test.context.SpringBootTestContextBootstrapper -- Found @SpringBootConfiguration com.cloudbees.ECommerceApplication for test class com.cloudbees.ECommerceApplicationTests

  .   ____          _            __ _ _
 /\\ / ___'_ __ _ _(_)_ __  __ _ \ \ \ \
( ( )\___ | '_ | '_| | '_ \/ _` | \ \ \ \
 \\/  ___)| |_)| | | | | || (_| |  ) ) ) )
  '  |____| .__|_| |_|_| |_\__, | / / / /
 =========|_|==============|___/=/_/_/_/
 :: Spring Boot ::                (v3.2.2)

24-01-2024 14:03:16.938 2247 [main] INFO  c.c.ECommerceApplicationTests  --- Starting ECommerceApplicationTests using Java 17.0.9 with PID 4692 (started by Lenovo in C:\Users\Lenovo\eclipse-workspace\CloudBees\e-commerce)
24-01-2024 14:03:16.941 2250 [main] INFO  c.c.ECommerceApplicationTests  --- No active profile set, falling back to 1 default profile: "default"
24-01-2024 14:03:19.663 4972 [main] INFO  o.s.d.r.c.RepositoryConfigurationDelegate  --- Bootstrapping Spring Data JPA repositories in DEFAULT mode.
24-01-2024 14:03:19.833 5142 [main] INFO  o.s.d.r.c.RepositoryConfigurationDelegate  --- Finished Spring Data repository scanning in 142 ms. Found 1 JPA repository interface.
24-01-2024 14:03:21.210 6519 [main] INFO  com.zaxxer.hikari.HikariDataSource  --- HikariPool-1 - Starting...
24-01-2024 14:03:21.817 7126 [main] INFO  com.zaxxer.hikari.pool.HikariPool  --- HikariPool-1 - Added connection conn0: url=jdbc:h2:mem:testdb user=USER
24-01-2024 14:03:21.821 7130 [main] INFO  com.zaxxer.hikari.HikariDataSource  --- HikariPool-1 - Start completed.
24-01-2024 14:03:21.970 7279 [main] INFO  o.h.jpa.internal.util.LogHelper  --- HHH000204: Processing PersistenceUnitInfo [name: default]
24-01-2024 14:03:22.177 7486 [main] INFO  org.hibernate.Version  --- HHH000412: Hibernate ORM core version 6.4.1.Final
24-01-2024 14:03:22.281 7590 [main] INFO  o.h.c.i.RegionFactoryInitiator  --- HHH000026: Second-level cache disabled
24-01-2024 14:03:23.066 8375 [main] INFO  o.s.o.j.p.SpringPersistenceUnitInfo  --- No LoadTimeWeaver setup: ignoring JPA class transformer
24-01-2024 14:03:23.254 8563 [main] WARN  org.hibernate.orm.deprecation  --- HHH90000025: H2Dialect does not need to be specified explicitly using 'hibernate.dialect' (remove the property setting and it will be selected by default)
24-01-2024 14:03:26.050 11359 [main] INFO  o.h.e.t.j.p.i.JtaPlatformInitiator  --- HHH000489: No JTA platform available (set 'hibernate.transaction.jta.platform' to enable JTA platform integration)
24-01-2024 14:03:26.119 11428 [main] INFO  o.s.o.j.LocalContainerEntityManagerFactoryBean  --- Initialized JPA EntityManagerFactory for persistence unit 'default'
24-01-2024 14:03:27.662 12971 [main] WARN  o.s.b.a.o.j.JpaBaseConfiguration$JpaWebConfiguration  --- spring.jpa.open-in-view is enabled by default. Therefore, database queries may be performed during view rendering. Explicitly configure spring.jpa.open-in-view to disable this warning
24-01-2024 14:03:29.375 14684 [main] WARN  o.s.b.a.m.MustacheAutoConfiguration  --- Cannot find template location: classpath:/templates/ (please add some templates, check your Mustache configuration, or set spring.mustache.check-template-location=false)
24-01-2024 14:03:29.729 15038 [main] INFO  o.s.b.a.h.H2ConsoleAutoConfiguration  --- H2 console available at '/h2-console'. Database available at 'jdbc:h2:mem:testdb'
24-01-2024 14:03:30.063 15372 [main] INFO  c.c.ECommerceApplicationTests  --- Started ECommerceApplicationTests in 14.021 seconds (process running for 18.159)
]]></system-out>
    <system-err><![CDATA[SLF4J(W): Class path contains multiple SLF4J providers.
SLF4J(W): Found provider [ch.qos.logback.classic.spi.LogbackServiceProvider@2d29b4ee]
SLF4J(W): Found provider [org.slf4j.simple.SimpleServiceProvider@69ee81fc]
SLF4J(W): See https://www.slf4j.org/codes.html#multiple_bindings for an explanation.
SLF4J(I): Actual provider is of type [ch.qos.logback.classic.spi.LogbackServiceProvider@2d29b4ee]
]]></system-err>
  </testcase>
</testsuite>